{"/Users/gennadiifesenko/WebstormProjects/backend/new-hw-1/__tests__/datasets.ts": {"path":"/Users/gennadiifesenko/WebstormProjects/backend/new-hw-1/__tests__/datasets.ts","statementMap":{"0":{"start":{"line":2,"column":0},"end":{"line":2,"column":53}},"1":{"start":{"line":6,"column":13},"end":{"line":15,"column":null}},"2":{"start":{"line":19,"column":13},"end":{"line":21,"column":null}}},"fnMap":{},"branchMap":{},"s":{"0":1,"1":1,"2":1},"f":{},"b":{}}
,"/Users/gennadiifesenko/WebstormProjects/backend/new-hw-1/__tests__/test-helpers.ts": {"path":"/Users/gennadiifesenko/WebstormProjects/backend/new-hw-1/__tests__/test-helpers.ts","statementMap":{"0":{"start":{"line":1,"column":0},"end":{"line":1,"column":33}},"1":{"start":{"line":2,"column":0},"end":{"line":2,"column":34}},"2":{"start":{"line":4,"column":13},"end":{"line":4,"column":30}}},"fnMap":{},"branchMap":{},"s":{"0":1,"1":1,"2":1},"f":{},"b":{}}
,"/Users/gennadiifesenko/WebstormProjects/backend/new-hw-1/src/app.ts": {"path":"/Users/gennadiifesenko/WebstormProjects/backend/new-hw-1/src/app.ts","statementMap":{"0":{"start":{"line":1,"column":0},"end":{"line":1,"column":24}},"1":{"start":{"line":2,"column":0},"end":{"line":2,"column":30}},"2":{"start":{"line":4,"column":0},"end":{"line":4,"column":32}},"3":{"start":{"line":5,"column":0},"end":{"line":5,"column":53}},"4":{"start":{"line":6,"column":0},"end":{"line":6,"column":38}},"5":{"start":{"line":7,"column":0},"end":{"line":7,"column":50}},"6":{"start":{"line":9,"column":13},"end":{"line":9,"column":29}},"7":{"start":{"line":10,"column":0},"end":{"line":10,"column":24}},"8":{"start":{"line":11,"column":0},"end":{"line":11,"column":16}},"9":{"start":{"line":13,"column":0},"end":{"line":16,"column":3}},"10":{"start":{"line":15,"column":2},"end":{"line":15,"column":43}},"11":{"start":{"line":18,"column":0},"end":{"line":18,"column":44}},"12":{"start":{"line":20,"column":0},"end":{"line":23,"column":3}},"13":{"start":{"line":21,"column":2},"end":{"line":21,"column":10}},"14":{"start":{"line":22,"column":2},"end":{"line":22,"column":47}}},"fnMap":{"0":{"name":"(anonymous_1)","decl":{"start":{"line":13,"column":13},"end":{"line":13,"column":14}},"loc":{"start":{"line":13,"column":26},"end":{"line":16,"column":1}}},"1":{"name":"(anonymous_2)","decl":{"start":{"line":20,"column":32},"end":{"line":20,"column":33}},"loc":{"start":{"line":20,"column":45},"end":{"line":23,"column":1}}}},"branchMap":{},"s":{"0":1,"1":1,"2":1,"3":1,"4":1,"5":1,"6":1,"7":1,"8":1,"9":1,"10":0,"11":1,"12":1,"13":1,"14":1},"f":{"0":0,"1":1},"b":{}}
,"/Users/gennadiifesenko/WebstormProjects/backend/new-hw-1/src/settings.ts": {"path":"/Users/gennadiifesenko/WebstormProjects/backend/new-hw-1/src/settings.ts","statementMap":{"0":{"start":{"line":1,"column":0},"end":{"line":1,"column":32}},"1":{"start":{"line":3,"column":0},"end":{"line":3,"column":9}},"2":{"start":{"line":5,"column":13},"end":{"line":12,"column":2}}},"fnMap":{},"branchMap":{"0":{"loc":{"start":{"line":7,"column":8},"end":{"line":7,"column":32}},"type":"binary-expr","locations":[{"start":{"line":7,"column":8},"end":{"line":7,"column":24}},{"start":{"line":7,"column":28},"end":{"line":7,"column":32}}]}},"s":{"0":1,"1":1,"2":1},"f":{},"b":{"0":[1,1]}}
,"/Users/gennadiifesenko/WebstormProjects/backend/new-hw-1/src/db/db.ts": {"path":"/Users/gennadiifesenko/WebstormProjects/backend/new-hw-1/src/db/db.ts","statementMap":{"0":{"start":{"line":10,"column":13},"end":{"line":13,"column":null}},"1":{"start":{"line":16,"column":21},"end":{"line":26,"column":1}},"2":{"start":{"line":17,"column":2},"end":{"line":21,"column":3}},"3":{"start":{"line":18,"column":4},"end":{"line":18,"column":null}},"4":{"start":{"line":20,"column":4},"end":{"line":20,"column":10}},"5":{"start":{"line":24,"column":2},"end":{"line":24,"column":null}},"6":{"start":{"line":16,"column":13},"end":{"line":16,"column":21}}},"fnMap":{"0":{"name":"(anonymous_0)","decl":{"start":{"line":16,"column":21},"end":{"line":16,"column":22}},"loc":{"start":{"line":16,"column":51},"end":{"line":26,"column":1}}}},"branchMap":{"0":{"loc":{"start":{"line":17,"column":2},"end":{"line":21,"column":3}},"type":"if","locations":[{"start":{"line":17,"column":2},"end":{"line":21,"column":3}}]},"1":{"loc":{"start":{"line":24,"column":14},"end":{"line":24,"column":41}},"type":"binary-expr","locations":[{"start":{"line":24,"column":14},"end":{"line":24,"column":28}},{"start":{"line":24,"column":32},"end":{"line":24,"column":41}}]}},"s":{"0":1,"1":1,"2":10,"3":5,"4":5,"5":5,"6":1},"f":{"0":10},"b":{"0":[5],"1":[5,0]}}
,"/Users/gennadiifesenko/WebstormProjects/backend/new-hw-1/src/routes/videos-route.ts": {"path":"/Users/gennadiifesenko/WebstormProjects/backend/new-hw-1/src/routes/videos-route.ts","statementMap":{"0":{"start":{"line":1,"column":0},"end":{"line":1,"column":52}},"1":{"start":{"line":2,"column":0},"end":{"line":2,"column":30}},"2":{"start":{"line":3,"column":0},"end":{"line":3,"column":51}},"3":{"start":{"line":4,"column":0},"end":{"line":4,"column":75}},"4":{"start":{"line":6,"column":13},"end":{"line":6,"column":37}},"5":{"start":{"line":8,"column":0},"end":{"line":12,"column":3}},"6":{"start":{"line":9,"column":17},"end":{"line":9,"column":26}},"7":{"start":{"line":11,"column":2},"end":{"line":11,"column":48}},"8":{"start":{"line":13,"column":0},"end":{"line":27,"column":2}},"9":{"start":{"line":16,"column":19},"end":{"line":16,"column":28}},"10":{"start":{"line":18,"column":23},"end":{"line":19,"column":null}},"11":{"start":{"line":19,"column":17},"end":{"line":19,"column":59}},"12":{"start":{"line":21,"column":4},"end":{"line":24,"column":5}},"13":{"start":{"line":22,"column":6},"end":{"line":22,"column":56}},"14":{"start":{"line":23,"column":6},"end":{"line":23,"column":13}},"15":{"start":{"line":25,"column":4},"end":{"line":25,"column":48}},"16":{"start":{"line":28,"column":0},"end":{"line":88,"column":2}},"17":{"start":{"line":39,"column":28},"end":{"line":41,"column":6}},"18":{"start":{"line":42,"column":50},"end":{"line":42,"column":58}},"19":{"start":{"line":43,"column":4},"end":{"line":45,"column":5}},"20":{"start":{"line":44,"column":6},"end":{"line":44,"column":79}},"21":{"start":{"line":47,"column":4},"end":{"line":52,"column":5}},"22":{"start":{"line":48,"column":6},"end":{"line":51,"column":9}},"23":{"start":{"line":53,"column":4},"end":{"line":63,"column":5}},"24":{"start":{"line":54,"column":6},"end":{"line":60,"column":9}},"25":{"start":{"line":55,"column":8},"end":{"line":59,"column":13}},"26":{"start":{"line":62,"column":6},"end":{"line":62,"column":32}},"27":{"start":{"line":64,"column":4},"end":{"line":67,"column":5}},"28":{"start":{"line":65,"column":6},"end":{"line":65,"column":61}},"29":{"start":{"line":66,"column":6},"end":{"line":66,"column":13}},"30":{"start":{"line":69,"column":22},"end":{"line":69,"column":32}},"31":{"start":{"line":70,"column":26},"end":{"line":70,"column":36}},"32":{"start":{"line":71,"column":4},"end":{"line":71,"column":51}},"33":{"start":{"line":73,"column":34},"end":{"line":82,"column":6}},"34":{"start":{"line":84,"column":4},"end":{"line":84,"column":29}},"35":{"start":{"line":86,"column":4},"end":{"line":86,"column":57}},"36":{"start":{"line":90,"column":0},"end":{"line":201,"column":2}},"37":{"start":{"line":109,"column":28},"end":{"line":111,"column":6}},"38":{"start":{"line":112,"column":15},"end":{"line":112,"column":34}},"39":{"start":{"line":121,"column":8},"end":{"line":121,"column":22}},"40":{"start":{"line":123,"column":39},"end":{"line":123,"column":74}},"41":{"start":{"line":124,"column":17},"end":{"line":126,"column":17}},"42":{"start":{"line":127,"column":4},"end":{"line":132,"column":5}},"43":{"start":{"line":128,"column":6},"end":{"line":131,"column":9}},"44":{"start":{"line":133,"column":4},"end":{"line":141,"column":5}},"45":{"start":{"line":137,"column":6},"end":{"line":140,"column":9}},"46":{"start":{"line":143,"column":4},"end":{"line":153,"column":5}},"47":{"start":{"line":149,"column":6},"end":{"line":152,"column":9}},"48":{"start":{"line":155,"column":4},"end":{"line":157,"column":5}},"49":{"start":{"line":156,"column":6},"end":{"line":156,"column":79}},"50":{"start":{"line":159,"column":4},"end":{"line":164,"column":5}},"51":{"start":{"line":160,"column":6},"end":{"line":163,"column":9}},"52":{"start":{"line":165,"column":4},"end":{"line":174,"column":5}},"53":{"start":{"line":166,"column":6},"end":{"line":173,"column":9}},"54":{"start":{"line":167,"column":8},"end":{"line":172,"column":9}},"55":{"start":{"line":168,"column":10},"end":{"line":171,"column":13}},"56":{"start":{"line":175,"column":4},"end":{"line":178,"column":5}},"57":{"start":{"line":176,"column":6},"end":{"line":176,"column":61}},"58":{"start":{"line":177,"column":6},"end":{"line":177,"column":13}},"59":{"start":{"line":180,"column":23},"end":{"line":180,"column":65}},"60":{"start":{"line":180,"column":49},"end":{"line":180,"column":64}},"61":{"start":{"line":181,"column":4},"end":{"line":199,"column":5}},"62":{"start":{"line":182,"column":6},"end":{"line":186,"column":7}},"63":{"start":{"line":183,"column":8},"end":{"line":185,"column":18}},"64":{"start":{"line":187,"column":6},"end":{"line":189,"column":7}},"65":{"start":{"line":188,"column":8},"end":{"line":188,"column":66}},"66":{"start":{"line":190,"column":6},"end":{"line":192,"column":7}},"67":{"start":{"line":191,"column":8},"end":{"line":191,"column":71}},"68":{"start":{"line":193,"column":6},"end":{"line":193,"column":31}},"69":{"start":{"line":194,"column":6},"end":{"line":194,"column":33}},"70":{"start":{"line":195,"column":6},"end":{"line":195,"column":51}},"71":{"start":{"line":196,"column":6},"end":{"line":196,"column":51}},"72":{"start":{"line":198,"column":6},"end":{"line":198,"column":50}},"73":{"start":{"line":203,"column":0},"end":{"line":216,"column":2}},"74":{"start":{"line":206,"column":20},"end":{"line":206,"column":39}},"75":{"start":{"line":207,"column":23},"end":{"line":207,"column":75}},"76":{"start":{"line":207,"column":54},"end":{"line":207,"column":74}},"77":{"start":{"line":209,"column":4},"end":{"line":214,"column":5}},"78":{"start":{"line":210,"column":6},"end":{"line":210,"column":38}},"79":{"start":{"line":211,"column":6},"end":{"line":211,"column":51}},"80":{"start":{"line":213,"column":6},"end":{"line":213,"column":50}}},"fnMap":{"0":{"name":"(anonymous_0)","decl":{"start":{"line":8,"column":22},"end":{"line":8,"column":23}},"loc":{"start":{"line":8,"column":59},"end":{"line":12,"column":1}}},"1":{"name":"(anonymous_1)","decl":{"start":{"line":15,"column":2},"end":{"line":15,"column":3}},"loc":{"start":{"line":15,"column":67},"end":{"line":26,"column":3}}},"2":{"name":"(anonymous_2)","decl":{"start":{"line":19,"column":6},"end":{"line":19,"column":7}},"loc":{"start":{"line":19,"column":17},"end":{"line":19,"column":59}}},"3":{"name":"(anonymous_3)","decl":{"start":{"line":30,"column":2},"end":{"line":30,"column":null}},"loc":{"start":{"line":38,"column":6},"end":{"line":87,"column":3}}},"4":{"name":"(anonymous_4)","decl":{"start":{"line":54,"column":31},"end":{"line":54,"column":32}},"loc":{"start":{"line":54,"column":37},"end":{"line":60,"column":7}}},"5":{"name":"(anonymous_5)","decl":{"start":{"line":92,"column":2},"end":{"line":92,"column":null}},"loc":{"start":{"line":108,"column":6},"end":{"line":200,"column":3}}},"6":{"name":"(anonymous_6)","decl":{"start":{"line":166,"column":31},"end":{"line":166,"column":32}},"loc":{"start":{"line":166,"column":62},"end":{"line":173,"column":7}}},"7":{"name":"(anonymous_7)","decl":{"start":{"line":180,"column":38},"end":{"line":180,"column":39}},"loc":{"start":{"line":180,"column":49},"end":{"line":180,"column":64}}},"8":{"name":"(anonymous_8)","decl":{"start":{"line":205,"column":2},"end":{"line":205,"column":3}},"loc":{"start":{"line":205,"column":67},"end":{"line":215,"column":3}}},"9":{"name":"(anonymous_9)","decl":{"start":{"line":207,"column":43},"end":{"line":207,"column":44}},"loc":{"start":{"line":207,"column":54},"end":{"line":207,"column":74}}}},"branchMap":{"0":{"loc":{"start":{"line":21,"column":4},"end":{"line":24,"column":5}},"type":"if","locations":[{"start":{"line":21,"column":4},"end":{"line":24,"column":5}}]},"1":{"loc":{"start":{"line":43,"column":4},"end":{"line":45,"column":5}},"type":"if","locations":[{"start":{"line":43,"column":4},"end":{"line":45,"column":5}}]},"2":{"loc":{"start":{"line":43,"column":8},"end":{"line":43,"column":59}},"type":"binary-expr","locations":[{"start":{"line":43,"column":8},"end":{"line":43,"column":14}},{"start":{"line":43,"column":18},"end":{"line":43,"column":31}},{"start":{"line":43,"column":35},"end":{"line":43,"column":59}}]},"3":{"loc":{"start":{"line":47,"column":4},"end":{"line":52,"column":5}},"type":"if","locations":[{"start":{"line":47,"column":4},"end":{"line":52,"column":5}}]},"4":{"loc":{"start":{"line":47,"column":8},"end":{"line":47,"column":62}},"type":"binary-expr","locations":[{"start":{"line":47,"column":8},"end":{"line":47,"column":15}},{"start":{"line":47,"column":19},"end":{"line":47,"column":33}},{"start":{"line":47,"column":37},"end":{"line":47,"column":62}}]},"5":{"loc":{"start":{"line":53,"column":4},"end":{"line":63,"column":5}},"type":"if","locations":[{"start":{"line":53,"column":4},"end":{"line":63,"column":5}},{"start":{"line":61,"column":11},"end":{"line":63,"column":5}}]},"6":{"loc":{"start":{"line":55,"column":8},"end":{"line":59,"column":12}},"type":"binary-expr","locations":[{"start":{"line":55,"column":8},"end":{"line":55,"column":22}},{"start":{"line":56,"column":10},"end":{"line":59,"column":12}}]},"7":{"loc":{"start":{"line":64,"column":4},"end":{"line":67,"column":5}},"type":"if","locations":[{"start":{"line":64,"column":4},"end":{"line":67,"column":5}}]},"8":{"loc":{"start":{"line":121,"column":8},"end":{"line":121,"column":22}},"type":"cond-expr","locations":[{"start":{"line":121,"column":16},"end":{"line":121,"column":20}},{"start":{"line":121,"column":20},"end":{"line":121,"column":22}}]},"9":{"loc":{"start":{"line":121,"column":8},"end":{"line":121,"column":20}},"type":"binary-expr","locations":[{"start":{"line":121,"column":8},"end":{"line":121,"column":20}},{"start":{"line":121,"column":16},"end":{"line":121,"column":20}}]},"10":{"loc":{"start":{"line":124,"column":17},"end":{"line":126,"column":17}},"type":"cond-expr","locations":[{"start":{"line":125,"column":8},"end":{"line":125,"column":47}},{"start":{"line":126,"column":8},"end":{"line":126,"column":17}}]},"11":{"loc":{"start":{"line":127,"column":4},"end":{"line":132,"column":5}},"type":"if","locations":[{"start":{"line":127,"column":4},"end":{"line":132,"column":5}}]},"12":{"loc":{"start":{"line":127,"column":8},"end":{"line":127,"column":67}},"type":"binary-expr","locations":[{"start":{"line":127,"column":8},"end":{"line":127,"column":39}},{"start":{"line":127,"column":43},"end":{"line":127,"column":67}}]},"13":{"loc":{"start":{"line":133,"column":4},"end":{"line":141,"column":5}},"type":"if","locations":[{"start":{"line":133,"column":4},"end":{"line":141,"column":5}}]},"14":{"loc":{"start":{"line":134,"column":6},"end":{"line":135,"column":42}},"type":"binary-expr","locations":[{"start":{"line":134,"column":6},"end":{"line":134,"column":44}},{"start":{"line":135,"column":6},"end":{"line":135,"column":42}}]},"15":{"loc":{"start":{"line":143,"column":4},"end":{"line":153,"column":5}},"type":"if","locations":[{"start":{"line":143,"column":4},"end":{"line":153,"column":5}}]},"16":{"loc":{"start":{"line":144,"column":6},"end":{"line":147,"column":31}},"type":"binary-expr","locations":[{"start":{"line":144,"column":6},"end":{"line":144,"column":25}},{"start":{"line":145,"column":7},"end":{"line":145,"column":32}},{"start":{"line":146,"column":8},"end":{"line":146,"column":29}},{"start":{"line":147,"column":8},"end":{"line":147,"column":30}}]},"17":{"loc":{"start":{"line":155,"column":4},"end":{"line":157,"column":5}},"type":"if","locations":[{"start":{"line":155,"column":4},"end":{"line":157,"column":5}}]},"18":{"loc":{"start":{"line":155,"column":8},"end":{"line":155,"column":59}},"type":"binary-expr","locations":[{"start":{"line":155,"column":8},"end":{"line":155,"column":14}},{"start":{"line":155,"column":18},"end":{"line":155,"column":31}},{"start":{"line":155,"column":35},"end":{"line":155,"column":59}}]},"19":{"loc":{"start":{"line":159,"column":4},"end":{"line":164,"column":5}},"type":"if","locations":[{"start":{"line":159,"column":4},"end":{"line":164,"column":5}}]},"20":{"loc":{"start":{"line":159,"column":8},"end":{"line":159,"column":62}},"type":"binary-expr","locations":[{"start":{"line":159,"column":8},"end":{"line":159,"column":15}},{"start":{"line":159,"column":19},"end":{"line":159,"column":33}},{"start":{"line":159,"column":37},"end":{"line":159,"column":62}}]},"21":{"loc":{"start":{"line":165,"column":4},"end":{"line":174,"column":5}},"type":"if","locations":[{"start":{"line":165,"column":4},"end":{"line":174,"column":5}}]},"22":{"loc":{"start":{"line":165,"column":8},"end":{"line":165,"column":58}},"type":"binary-expr","locations":[{"start":{"line":165,"column":8},"end":{"line":165,"column":34}},{"start":{"line":165,"column":38},"end":{"line":165,"column":58}}]},"23":{"loc":{"start":{"line":167,"column":8},"end":{"line":172,"column":9}},"type":"if","locations":[{"start":{"line":167,"column":8},"end":{"line":172,"column":9}}]},"24":{"loc":{"start":{"line":175,"column":4},"end":{"line":178,"column":5}},"type":"if","locations":[{"start":{"line":175,"column":4},"end":{"line":178,"column":5}}]},"25":{"loc":{"start":{"line":181,"column":4},"end":{"line":199,"column":5}},"type":"if","locations":[{"start":{"line":181,"column":4},"end":{"line":199,"column":5}},{"start":{"line":197,"column":11},"end":{"line":199,"column":5}}]},"26":{"loc":{"start":{"line":182,"column":6},"end":{"line":186,"column":7}},"type":"if","locations":[{"start":{"line":182,"column":6},"end":{"line":186,"column":7}}]},"27":{"loc":{"start":{"line":183,"column":37},"end":{"line":185,"column":17}},"type":"cond-expr","locations":[{"start":{"line":184,"column":12},"end":{"line":184,"column":36}},{"start":{"line":185,"column":12},"end":{"line":185,"column":17}}]},"28":{"loc":{"start":{"line":187,"column":6},"end":{"line":189,"column":7}},"type":"if","locations":[{"start":{"line":187,"column":6},"end":{"line":189,"column":7}}]},"29":{"loc":{"start":{"line":188,"column":39},"end":{"line":188,"column":65}},"type":"binary-expr","locations":[{"start":{"line":188,"column":39},"end":{"line":188,"column":57}},{"start":{"line":188,"column":61},"end":{"line":188,"column":65}}]},"30":{"loc":{"start":{"line":190,"column":6},"end":{"line":192,"column":7}},"type":"if","locations":[{"start":{"line":190,"column":6},"end":{"line":192,"column":7}}]},"31":{"loc":{"start":{"line":191,"column":42},"end":{"line":191,"column":70}},"type":"binary-expr","locations":[{"start":{"line":191,"column":42},"end":{"line":191,"column":62}},{"start":{"line":191,"column":66},"end":{"line":191,"column":70}}]},"32":{"loc":{"start":{"line":209,"column":4},"end":{"line":214,"column":5}},"type":"if","locations":[{"start":{"line":209,"column":4},"end":{"line":214,"column":5}},{"start":{"line":212,"column":11},"end":{"line":214,"column":5}}]}},"s":{"0":1,"1":1,"2":1,"3":1,"4":1,"5":1,"6":3,"7":3,"8":1,"9":2,"10":2,"11":2,"12":2,"13":1,"14":1,"15":1,"16":1,"17":0,"18":0,"19":0,"20":0,"21":0,"22":0,"23":0,"24":0,"25":0,"26":0,"27":0,"28":0,"29":0,"30":0,"31":0,"32":0,"33":0,"34":0,"35":0,"36":1,"37":0,"38":0,"39":0,"40":0,"41":0,"42":0,"43":0,"44":0,"45":0,"46":0,"47":0,"48":0,"49":0,"50":0,"51":0,"52":0,"53":0,"54":0,"55":0,"56":0,"57":0,"58":0,"59":0,"60":0,"61":0,"62":0,"63":0,"64":0,"65":0,"66":0,"67":0,"68":0,"69":0,"70":0,"71":0,"72":0,"73":1,"74":0,"75":0,"76":0,"77":0,"78":0,"79":0,"80":0},"f":{"0":3,"1":2,"2":2,"3":0,"4":0,"5":0,"6":0,"7":0,"8":0,"9":0},"b":{"0":[1],"1":[0],"2":[0,0,0],"3":[0],"4":[0,0,0],"5":[0,0],"6":[0,0],"7":[0],"8":[0,0],"9":[0,0],"10":[0,0],"11":[0],"12":[0,0],"13":[0],"14":[0,0],"15":[0],"16":[0,0,0,0],"17":[0],"18":[0,0,0],"19":[0],"20":[0,0,0],"21":[0],"22":[0,0],"23":[0],"24":[0],"25":[0,0],"26":[0],"27":[0,0],"28":[0],"29":[0,0],"30":[0],"31":[0,0],"32":[0,0]}}
,"/Users/gennadiifesenko/WebstormProjects/backend/new-hw-1/src/shared/statuses.ts": {"path":"/Users/gennadiifesenko/WebstormProjects/backend/new-hw-1/src/shared/statuses.ts","statementMap":{"0":{"start":{"line":1,"column":13},"end":{"line":7,"column":2}}},"fnMap":{},"branchMap":{},"s":{"0":1},"f":{},"b":{}}
,"/Users/gennadiifesenko/WebstormProjects/backend/new-hw-1/src/types/index.ts": {"path":"/Users/gennadiifesenko/WebstormProjects/backend/new-hw-1/src/types/index.ts","statementMap":{"0":{"start":{"line":1,"column":0},"end":{"line":1,"column":null}},"1":{"start":{"line":2,"column":2},"end":{"line":2,"column":null}},"2":{"start":{"line":3,"column":2},"end":{"line":3,"column":null}},"3":{"start":{"line":4,"column":2},"end":{"line":4,"column":null}},"4":{"start":{"line":5,"column":2},"end":{"line":5,"column":null}},"5":{"start":{"line":6,"column":2},"end":{"line":6,"column":null}},"6":{"start":{"line":7,"column":2},"end":{"line":7,"column":null}},"7":{"start":{"line":8,"column":2},"end":{"line":8,"column":null}},"8":{"start":{"line":9,"column":2},"end":{"line":9,"column":null}}},"fnMap":{"0":{"name":"(anonymous_0)","decl":{"start":{"line":1,"column":0},"end":{"line":1,"column":12}},"loc":{"start":{"line":1,"column":22},"end":{"line":10,"column":1}}}},"branchMap":{"0":{"loc":{"start":{"line":1,"column":12},"end":{"line":1,"column":null}},"type":"binary-expr","locations":[{"start":{"line":1,"column":12},"end":{"line":1,"column":22}},{"start":{"line":1,"column":22},"end":{"line":1,"column":null}}]}},"s":{"0":1,"1":1,"2":1,"3":1,"4":1,"5":1,"6":1,"7":1,"8":1},"f":{"0":1},"b":{"0":[1,1]}}
}
